Base path: 'C:/Program Files/Unity/Hub/Editor/2019.3.3f1/Editor/Data', plugins path 'C:/Program Files/Unity/Hub/Editor/2019.3.3f1/Editor/Data/PlaybackEngines'
Cmd: initializeCompiler
Cmd: initializeCompiler
Cmd: compileComputeKernel
  api=4 insize=21138 outsize=27115 ok=1
Cmd: compileComputeKernel
  api=4 insize=10288 outsize=451 ok=1
Cmd: compileComputeKernel
  api=4 insize=8630 outsize=7449 ok=1
Cmd: compileComputeKernel
  api=4 insize=10384 outsize=735101 ok=1
Cmd: compileComputeKernel
  api=4 insize=10868 outsize=880 ok=1
Cmd: compileComputeKernel
  api=4 insize=3111 outsize=2047 ok=1
Cmd: compileComputeKernel
  api=4 insize=40246 outsize=34940 ok=1
Cmd: compileComputeKernel
  api=4 insize=40246 outsize=35450 ok=1
Cmd: compileComputeKernel
  api=4 insize=1113 outsize=975 ok=1
Cmd: compileComputeKernel
  api=4 insize=11494 outsize=257 ok=1
Cmd: compileComputeKernel
  api=4 insize=9134 outsize=12677 ok=1
Cmd: compileComputeKernel
  api=4 insize=20116 outsize=5325 ok=1
Cmd: compileComputeKernel
  api=4 insize=5168 outsize=4889 ok=1
Cmd: compileComputeKernel
  api=4 insize=10338 outsize=3652 ok=1
Cmd: compileComputeKernel
  api=4 insize=26542 outsize=13735 ok=1
Cmd: compileComputeKernel
  api=4 insize=15784 outsize=15310 ok=1
Cmd: compileComputeKernel
  api=4 insize=15784 outsize=39970 ok=1
Cmd: compileComputeKernel
  api=4 insize=15784 outsize=44207 ok=1
Cmd: compileComputeKernel
  api=4 insize=15784 outsize=74985 ok=1
Cmd: compileComputeKernel
  api=4 insize=15784 outsize=78043 ok=1
Cmd: compileComputeKernel
  api=4 insize=3697 outsize=4319 ok=1
Cmd: compileComputeKernel
  api=4 insize=26999 outsize=15416 ok=1
Cmd: compileComputeKernel
  api=4 insize=1977 outsize=2732 ok=1
Cmd: compileComputeKernel
  api=4 insize=7589 outsize=1033 ok=1
Cmd: compileComputeKernel
  api=4 insize=5094 outsize=88949 ok=1

Quitting shader compiler process
