Base path: 'C:/Program Files/Unity/Hub/Editor/2019.3.3f1/Editor/Data', plugins path 'C:/Program Files/Unity/Hub/Editor/2019.3.3f1/Editor/Data/PlaybackEngines'
Cmd: initializeCompiler
Cmd: compileComputeKernel
  api=4 insize=21138 outsize=94435 ok=1
Cmd: compileComputeKernel
  api=4 insize=15915 outsize=2847 ok=1
Cmd: compileComputeKernel
  api=4 insize=8630 outsize=4066 ok=1
Cmd: compileComputeKernel
  api=4 insize=5899 outsize=6007 ok=1
Cmd: compileComputeKernel
  api=4 insize=10384 outsize=735568 ok=1
Cmd: compileComputeKernel
  api=4 insize=10868 outsize=4877 ok=1
Cmd: compileComputeKernel
  api=4 insize=40246 outsize=38577 ok=1
Cmd: compileComputeKernel
  api=4 insize=40246 outsize=40233 ok=1
Cmd: compileComputeKernel
  api=4 insize=22295 outsize=15906 ok=1
Cmd: compileComputeKernel
  api=4 insize=9134 outsize=7844 ok=1
Cmd: compileComputeKernel
  api=4 insize=8233 outsize=5777 ok=1
Cmd: compileComputeKernel
  api=4 insize=5056 outsize=2350 ok=1
Cmd: compileComputeKernel
  api=4 insize=5168 outsize=898 ok=1
Cmd: compileComputeKernel
  api=4 insize=15784 outsize=41506 ok=1
Cmd: compileComputeKernel
  api=4 insize=15784 outsize=33098 ok=1
Cmd: compileComputeKernel
  api=4 insize=15784 outsize=55270 ok=1
Cmd: compileComputeKernel
  api=4 insize=15784 outsize=15321 ok=1
Cmd: compileComputeKernel
  api=4 insize=15784 outsize=48870 ok=1
Cmd: compileComputeKernel
  api=4 insize=15784 outsize=45984 ok=1
Cmd: compileComputeKernel
  api=4 insize=15784 outsize=98109 ok=1
Cmd: compileComputeKernel
  api=4 insize=3971 outsize=4173 ok=1
Cmd: compileComputeKernel
  api=4 insize=3916 outsize=1613 ok=1
Cmd: compileComputeKernel
  api=4 insize=11069 outsize=8912 ok=1
Cmd: compileComputeKernel
  api=4 insize=13940 outsize=2204 ok=1

Quitting shader compiler process
