Base path: 'C:/Program Files/Unity/Hub/Editor/2019.3.3f1/Editor/Data', plugins path 'C:/Program Files/Unity/Hub/Editor/2019.3.3f1/Editor/Data/PlaybackEngines'
Cmd: initializeCompiler
Cmd: initializeCompiler
Cmd: compileComputeKernel
  api=4 insize=848 outsize=330 ok=1
Cmd: compileComputeKernel
  api=4 insize=8630 outsize=8564 ok=1
Cmd: compileComputeKernel
  api=4 insize=4026 outsize=3422 ok=1
Cmd: compileComputeKernel
  api=4 insize=10868 outsize=4491 ok=1
Cmd: compileComputeKernel
  api=4 insize=40246 outsize=34940 ok=1
Cmd: compileComputeKernel
  api=4 insize=40246 outsize=1522 ok=1
Cmd: compileComputeKernel
  api=4 insize=8511 outsize=1015 ok=1
Cmd: compileComputeKernel
  api=4 insize=22295 outsize=15194 ok=1
Cmd: compileComputeKernel
  api=4 insize=8233 outsize=317 ok=1
Cmd: compileComputeKernel
  api=4 insize=20116 outsize=5116 ok=1
Cmd: compileComputeKernel
  api=4 insize=5168 outsize=899 ok=1
Cmd: compileComputeKernel
  api=4 insize=8512 outsize=2100 ok=1
Cmd: compileComputeKernel
  api=4 insize=26542 outsize=16121 ok=1
Cmd: compileComputeKernel
  api=4 insize=15784 outsize=93188 ok=1
Cmd: compileComputeKernel
  api=4 insize=15784 outsize=36470 ok=1
Cmd: compileComputeKernel
  api=4 insize=15784 outsize=34760 ok=1
Cmd: compileComputeKernel
  api=4 insize=15784 outsize=34695 ok=1
Cmd: compileComputeKernel
  api=4 insize=15784 outsize=35647 ok=1
Cmd: compileComputeKernel
  api=4 insize=15784 outsize=69074 ok=1
Cmd: compileComputeKernel
  api=4 insize=5893 outsize=629 ok=1
Cmd: compileComputeKernel
  api=4 insize=26999 outsize=25569 ok=1
Cmd: compileComputeKernel
  api=4 insize=7589 outsize=1322 ok=1

Quitting shader compiler process
