Base path: 'C:/Program Files/Unity/Hub/Editor/2019.3.3f1/Editor/Data', plugins path 'C:/Program Files/Unity/Hub/Editor/2019.3.3f1/Editor/Data/PlaybackEngines'
Cmd: initializeCompiler
Cmd: compileSnippet
  api=4 type=1 insize=1602 outsize=7190 kw=UNITY_PASS_FORWARDBASE DIRECTIONAL SHADOWS_SCREEN LIGHTPROBE_SH pd=UNITY_ENABLE_REFLECTION_BUFFERS UNITY_USE_DITHER_MASK_FOR_ALPHABLENDED_SHADOWS UNITY_PBS_USE_BRDF1 UNITY_SPECCUBE_BOX_PROJECTION UNITY_SPECCUBE_BLENDING UNITY_ENABLE_DETAIL_NORMALMAP SHADER_API_DESKTOP UNITY_COLORSPACE_GAMMA UNITY_LIGHT_PROBE_PROXY_VOLUME UNITY_LIGHTMAP_FULL_HDR ok=1
Cmd: initializeCompiler
Cmd: compileComputeKernel
  api=4 insize=7570 outsize=583 ok=1
Cmd: compileComputeKernel
  api=4 insize=4026 outsize=2751 ok=1
Cmd: compileComputeKernel
  api=4 insize=2605 outsize=869 ok=1
Cmd: compileComputeKernel
  api=4 insize=10868 outsize=4534 ok=1
Cmd: compileComputeKernel
  api=4 insize=40246 outsize=40233 ok=1
Cmd: compileComputeKernel
  api=4 insize=11494 outsize=244 ok=1
Cmd: compileComputeKernel
  api=4 insize=9134 outsize=7986 ok=1
Cmd: compileComputeKernel
  api=4 insize=8233 outsize=532 ok=1
Cmd: compileComputeKernel
  api=4 insize=5056 outsize=2708 ok=1
Cmd: compileComputeKernel
  api=4 insize=5168 outsize=1808 ok=1
Cmd: compileComputeKernel
  api=4 insize=26542 outsize=324 ok=1
Cmd: compileComputeKernel
  api=4 insize=15784 outsize=30713 ok=1
Cmd: compileComputeKernel
  api=4 insize=15784 outsize=46716 ok=1
Cmd: compileComputeKernel
  api=4 insize=15784 outsize=34046 ok=1
Cmd: compileComputeKernel
  api=4 insize=15784 outsize=33162 ok=1
Cmd: compileComputeKernel
  api=4 insize=15784 outsize=95512 ok=1
Cmd: compileComputeKernel
  api=4 insize=3697 outsize=3162 ok=1
Cmd: compileComputeKernel
  api=4 insize=26999 outsize=789 ok=1

Quitting shader compiler process
